2022-12-18 22:07:27.880  INFO 3552 --- [main] com.raj.natwest.NatwestApplicationTests  : Starting NatwestApplicationTests using Java 17.0.5 on DESKTOP-G7OBHEF with PID 3552 (started by rajma in C:\Users\rajma\Documents\eSpringBoot_Workspace\natwest)
2022-12-18 22:07:27.883 DEBUG 3552 --- [main] com.raj.natwest.NatwestApplicationTests  : Running with Spring Boot v2.7.6, Spring v5.3.24
2022-12-18 22:07:27.884  INFO 3552 --- [main] com.raj.natwest.NatwestApplicationTests  : No active profile set, falling back to 1 default profile: "default"
2022-12-18 22:07:31.367  INFO 3552 --- [main] pertySourcedRequestMappingHandlerMapping : Mapped URL path [/v2/api-docs] onto method [springfox.documentation.swagger2.web.Swagger2Controller#getDocumentation(String, HttpServletRequest)]
2022-12-18 22:07:33.228  INFO 3552 --- [main] d.s.w.p.DocumentationPluginsBootstrapper : Context refreshed
2022-12-18 22:07:33.262  INFO 3552 --- [main] d.s.w.p.DocumentationPluginsBootstrapper : Found 1 custom documentation plugin(s)
2022-12-18 22:07:33.325  INFO 3552 --- [main] s.d.s.w.s.ApiListingReferenceScanner     : Scanning for api listing references
2022-12-18 22:07:33.680  INFO 3552 --- [main] com.raj.natwest.NatwestApplicationTests  : Started NatwestApplicationTests in 6.681 seconds (JVM running for 7.768)
2022-12-18 22:07:34.517  INFO 3552 --- [main] com.raj.natwest.service.GameServiceImpl  : getRandomMove() method called...
2022-12-18 22:07:34.613  INFO 3552 --- [main] com.raj.natwest.service.GameServiceImpl  : getRandomMove() method called...
2022-12-18 22:07:34.614  INFO 3552 --- [main] com.raj.natwest.service.GameServiceImpl  : getRandomMove() method called...
2022-12-18 22:07:34.614  INFO 3552 --- [main] com.raj.natwest.service.GameServiceImpl  : getRandomMove() method called...
2022-12-18 22:08:14.643  INFO 8996 --- [main] com.raj.natwest.NatwestApplicationTests  : Starting NatwestApplicationTests using Java 17.0.5 on DESKTOP-G7OBHEF with PID 8996 (started by rajma in C:\Users\rajma\Documents\eSpringBoot_Workspace\natwest)
2022-12-18 22:08:14.643 DEBUG 8996 --- [main] com.raj.natwest.NatwestApplicationTests  : Running with Spring Boot v2.7.6, Spring v5.3.24
2022-12-18 22:08:14.644  INFO 8996 --- [main] com.raj.natwest.NatwestApplicationTests  : No active profile set, falling back to 1 default profile: "default"
2022-12-18 22:08:16.058  INFO 8996 --- [main] pertySourcedRequestMappingHandlerMapping : Mapped URL path [/v2/api-docs] onto method [springfox.documentation.swagger2.web.Swagger2Controller#getDocumentation(String, HttpServletRequest)]
2022-12-18 22:08:16.505  INFO 8996 --- [main] d.s.w.p.DocumentationPluginsBootstrapper : Context refreshed
2022-12-18 22:08:16.520  INFO 8996 --- [main] d.s.w.p.DocumentationPluginsBootstrapper : Found 1 custom documentation plugin(s)
2022-12-18 22:08:16.548  INFO 8996 --- [main] s.d.s.w.s.ApiListingReferenceScanner     : Scanning for api listing references
2022-12-18 22:08:16.709  INFO 8996 --- [main] com.raj.natwest.NatwestApplicationTests  : Started NatwestApplicationTests in 2.375 seconds (JVM running for 3.375)
2022-12-18 22:08:17.151  INFO 8996 --- [main] com.raj.natwest.service.GameServiceImpl  : getRandomMove() method called...
2022-12-18 22:08:17.194  INFO 8996 --- [main] com.raj.natwest.service.GameServiceImpl  : getRandomMove() method called...
2022-12-18 22:08:17.194  INFO 8996 --- [main] com.raj.natwest.service.GameServiceImpl  : getRandomMove() method called...
2022-12-18 22:08:17.194  INFO 8996 --- [main] com.raj.natwest.service.GameServiceImpl  : getRandomMove() method called...
2022-12-18 22:08:29.165  INFO 12176 --- [restartedMain] com.raj.natwest.NatwestApplication       : Starting NatwestApplication using Java 17.0.5 on DESKTOP-G7OBHEF with PID 12176 (C:\Users\rajma\Documents\eSpringBoot_Workspace\natwest\target\classes started by rajma in C:\Users\rajma\Documents\eSpringBoot_Workspace\natwest)
2022-12-18 22:08:29.168 DEBUG 12176 --- [restartedMain] com.raj.natwest.NatwestApplication       : Running with Spring Boot v2.7.6, Spring v5.3.24
2022-12-18 22:08:29.169  INFO 12176 --- [restartedMain] com.raj.natwest.NatwestApplication       : No active profile set, falling back to 1 default profile: "default"
2022-12-18 22:08:29.264  INFO 12176 --- [restartedMain] .e.DevToolsPropertyDefaultsPostProcessor : Devtools property defaults active! Set 'spring.devtools.add-properties' to 'false' to disable
2022-12-18 22:08:29.264  INFO 12176 --- [restartedMain] .e.DevToolsPropertyDefaultsPostProcessor : For additional web related logging consider setting the 'logging.level.web' property to 'DEBUG'
2022-12-18 22:08:30.484  INFO 12176 --- [restartedMain] o.s.b.w.embedded.tomcat.TomcatWebServer  : Tomcat initialized with port(s): 8081 (http)
2022-12-18 22:08:30.497  INFO 12176 --- [restartedMain] o.apache.catalina.core.StandardService   : Starting service [Tomcat]
2022-12-18 22:08:30.498  INFO 12176 --- [restartedMain] org.apache.catalina.core.StandardEngine  : Starting Servlet engine: [Apache Tomcat/9.0.69]
2022-12-18 22:08:30.567  INFO 12176 --- [restartedMain] o.a.c.c.C.[Tomcat].[localhost].[/]       : Initializing Spring embedded WebApplicationContext
2022-12-18 22:08:30.567  INFO 12176 --- [restartedMain] w.s.c.ServletWebServerApplicationContext : Root WebApplicationContext: initialization completed in 1301 ms
2022-12-18 22:08:30.947  INFO 12176 --- [restartedMain] pertySourcedRequestMappingHandlerMapping : Mapped URL path [/v2/api-docs] onto method [springfox.documentation.swagger2.web.Swagger2Controller#getDocumentation(String, HttpServletRequest)]
2022-12-18 22:08:31.032  INFO 12176 --- [restartedMain] o.s.b.d.a.OptionalLiveReloadServer       : LiveReload server is running on port 35729
2022-12-18 22:08:31.177  INFO 12176 --- [restartedMain] o.s.b.w.embedded.tomcat.TomcatWebServer  : Tomcat started on port(s): 8081 (http) with context path ''
2022-12-18 22:08:31.178  INFO 12176 --- [restartedMain] d.s.w.p.DocumentationPluginsBootstrapper : Context refreshed
2022-12-18 22:08:31.198  INFO 12176 --- [restartedMain] d.s.w.p.DocumentationPluginsBootstrapper : Found 1 custom documentation plugin(s)
2022-12-18 22:08:31.238  INFO 12176 --- [restartedMain] s.d.s.w.s.ApiListingReferenceScanner     : Scanning for api listing references
2022-12-18 22:08:31.460  INFO 12176 --- [restartedMain] com.raj.natwest.NatwestApplication       : Started NatwestApplication in 2.761 seconds (JVM running for 3.248)
2022-12-18 22:08:31.465  INFO 12176 --- [restartedMain] com.raj.natwest.NatwestApplication       : Natwest Application started...
2022-12-18 22:08:35.395  INFO 12176 --- [http-nio-8081-exec-1] o.a.c.c.C.[Tomcat].[localhost].[/]       : Initializing Spring DispatcherServlet 'dispatcherServlet'
2022-12-18 22:08:35.396  INFO 12176 --- [http-nio-8081-exec-1] o.s.web.servlet.DispatcherServlet        : Initializing Servlet 'dispatcherServlet'
2022-12-18 22:08:35.396  INFO 12176 --- [http-nio-8081-exec-1] o.s.web.servlet.DispatcherServlet        : Completed initialization in 0 ms
2022-12-18 22:10:30.931  INFO 11976 --- [restartedMain] com.raj.natwest.NatwestApplication       : Starting NatwestApplication using Java 17.0.5 on DESKTOP-G7OBHEF with PID 11976 (C:\Users\rajma\Documents\eSpringBoot_Workspace\natwest\target\classes started by rajma in C:\Users\rajma\Documents\eSpringBoot_Workspace\natwest)
2022-12-18 22:10:30.932 DEBUG 11976 --- [restartedMain] com.raj.natwest.NatwestApplication       : Running with Spring Boot v2.7.6, Spring v5.3.24
2022-12-18 22:10:30.933  INFO 11976 --- [restartedMain] com.raj.natwest.NatwestApplication       : No active profile set, falling back to 1 default profile: "default"
2022-12-18 22:10:30.989  INFO 11976 --- [restartedMain] .e.DevToolsPropertyDefaultsPostProcessor : Devtools property defaults active! Set 'spring.devtools.add-properties' to 'false' to disable
2022-12-18 22:10:30.989  INFO 11976 --- [restartedMain] .e.DevToolsPropertyDefaultsPostProcessor : For additional web related logging consider setting the 'logging.level.web' property to 'DEBUG'
2022-12-18 22:10:32.198  INFO 11976 --- [restartedMain] o.s.b.w.embedded.tomcat.TomcatWebServer  : Tomcat initialized with port(s): 8081 (http)
2022-12-18 22:10:32.211  INFO 11976 --- [restartedMain] o.apache.catalina.core.StandardService   : Starting service [Tomcat]
2022-12-18 22:10:32.211  INFO 11976 --- [restartedMain] org.apache.catalina.core.StandardEngine  : Starting Servlet engine: [Apache Tomcat/9.0.69]
2022-12-18 22:10:32.283  INFO 11976 --- [restartedMain] o.a.c.c.C.[Tomcat].[localhost].[/]       : Initializing Spring embedded WebApplicationContext
2022-12-18 22:10:32.283  INFO 11976 --- [restartedMain] w.s.c.ServletWebServerApplicationContext : Root WebApplicationContext: initialization completed in 1294 ms
2022-12-18 22:10:32.680  INFO 11976 --- [restartedMain] pertySourcedRequestMappingHandlerMapping : Mapped URL path [/v2/api-docs] onto method [springfox.documentation.swagger2.web.Swagger2Controller#getDocumentation(String, HttpServletRequest)]
2022-12-18 22:10:32.767  INFO 11976 --- [restartedMain] o.s.b.d.a.OptionalLiveReloadServer       : LiveReload server is running on port 35729
2022-12-18 22:10:32.899  INFO 11976 --- [restartedMain] o.s.b.w.embedded.tomcat.TomcatWebServer  : Tomcat started on port(s): 8081 (http) with context path ''
2022-12-18 22:10:32.900  INFO 11976 --- [restartedMain] d.s.w.p.DocumentationPluginsBootstrapper : Context refreshed
2022-12-18 22:10:32.913  INFO 11976 --- [restartedMain] d.s.w.p.DocumentationPluginsBootstrapper : Found 1 custom documentation plugin(s)
2022-12-18 22:10:32.941  INFO 11976 --- [restartedMain] s.d.s.w.s.ApiListingReferenceScanner     : Scanning for api listing references
2022-12-18 22:10:33.097  INFO 11976 --- [restartedMain] com.raj.natwest.NatwestApplication       : Started NatwestApplication in 2.538 seconds (JVM running for 2.993)
2022-12-18 22:10:33.101  INFO 11976 --- [restartedMain] com.raj.natwest.NatwestApplication       : Natwest Application started...
2022-12-18 22:10:36.321  INFO 11976 --- [http-nio-8081-exec-1] o.a.c.c.C.[Tomcat].[localhost].[/]       : Initializing Spring DispatcherServlet 'dispatcherServlet'
2022-12-18 22:10:36.321  INFO 11976 --- [http-nio-8081-exec-1] o.s.web.servlet.DispatcherServlet        : Initializing Servlet 'dispatcherServlet'
2022-12-18 22:10:36.322  INFO 11976 --- [http-nio-8081-exec-1] o.s.web.servlet.DispatcherServlet        : Completed initialization in 1 ms
2022-12-18 22:10:41.748 DEBUG 11976 --- [http-nio-8081-exec-3] c.raj.natwest.controller.gameController  : String player : rock
2022-12-18 22:10:41.749  INFO 11976 --- [http-nio-8081-exec-3] com.raj.natwest.service.GameServiceImpl  : getRandomMove() method called...
2022-12-18 22:10:41.749 DEBUG 11976 --- [http-nio-8081-exec-3] com.raj.natwest.service.GameServiceImpl  : playerMove = rock
2022-12-18 22:10:41.749 DEBUG 11976 --- [http-nio-8081-exec-3] com.raj.natwest.service.GameServiceImpl  : computerMove = scissors
2022-12-18 22:10:41.749 DEBUG 11976 --- [http-nio-8081-exec-3] com.raj.natwest.service.GameServiceImpl  : result = Player wins
2022-12-18 22:10:41.749 DEBUG 11976 --- [http-nio-8081-exec-3] c.raj.natwest.controller.gameController  : RestController result : Player wins
2022-12-18 22:10:48.601 DEBUG 11976 --- [http-nio-8081-exec-2] c.raj.natwest.controller.gameController  : String player : rockd
2022-12-18 22:10:48.601  INFO 11976 --- [http-nio-8081-exec-2] com.raj.natwest.service.GameServiceImpl  : getRandomMove() method called...
2022-12-18 22:10:48.601 ERROR 11976 --- [http-nio-8081-exec-2] com.raj.natwest.service.GameServiceImpl  : No enum constant com.raj.natwest.enums.Moves.rockd
2022-12-18 22:10:48.604  WARN 11976 --- [http-nio-8081-exec-2] .m.m.a.ExceptionHandlerExceptionResolver : Resolved [com.raj.natwest.CustomExceptions.InvalidMoveException: Invalid Move! You can only select Rock, Paper or Scissors]
2022-12-18 22:10:54.906 DEBUG 11976 --- [http-nio-8081-exec-10] c.raj.natwest.controller.gameController  : String player : ""
2022-12-18 22:10:54.907  INFO 11976 --- [http-nio-8081-exec-10] com.raj.natwest.service.GameServiceImpl  : getRandomMove() method called...
2022-12-18 22:10:54.907 ERROR 11976 --- [http-nio-8081-exec-10] com.raj.natwest.service.GameServiceImpl  : No enum constant com.raj.natwest.enums.Moves.""
2022-12-18 22:10:54.909  WARN 11976 --- [http-nio-8081-exec-10] .m.m.a.ExceptionHandlerExceptionResolver : Resolved [com.raj.natwest.CustomExceptions.InvalidMoveException: Invalid Move! You can only select Rock, Paper or Scissors]
2022-12-18 22:11:20.499 DEBUG 11976 --- [http-nio-8081-exec-1] c.raj.natwest.controller.gameController  : String player : Rock
2022-12-18 22:11:20.500  INFO 11976 --- [http-nio-8081-exec-1] com.raj.natwest.service.GameServiceImpl  : getRandomMove() method called...
2022-12-18 22:11:20.500 DEBUG 11976 --- [http-nio-8081-exec-1] com.raj.natwest.service.GameServiceImpl  : playerMove = rock
2022-12-18 22:11:20.500 DEBUG 11976 --- [http-nio-8081-exec-1] com.raj.natwest.service.GameServiceImpl  : computerMove = rock
2022-12-18 22:11:20.500 DEBUG 11976 --- [http-nio-8081-exec-1] com.raj.natwest.service.GameServiceImpl  : result = It is a tie
2022-12-18 22:11:20.500 DEBUG 11976 --- [http-nio-8081-exec-1] c.raj.natwest.controller.gameController  : RestController result : It is a tie
2022-12-18 22:11:49.555  INFO 10108 --- [restartedMain] com.raj.natwest.NatwestApplication       : Starting NatwestApplication using Java 17.0.5 on DESKTOP-G7OBHEF with PID 10108 (C:\Users\rajma\Documents\eSpringBoot_Workspace\natwest\target\classes started by rajma in C:\Users\rajma\Documents\eSpringBoot_Workspace\natwest)
2022-12-18 22:11:49.556 DEBUG 10108 --- [restartedMain] com.raj.natwest.NatwestApplication       : Running with Spring Boot v2.7.6, Spring v5.3.24
2022-12-18 22:11:49.557  INFO 10108 --- [restartedMain] com.raj.natwest.NatwestApplication       : No active profile set, falling back to 1 default profile: "default"
2022-12-18 22:11:49.609  INFO 10108 --- [restartedMain] .e.DevToolsPropertyDefaultsPostProcessor : Devtools property defaults active! Set 'spring.devtools.add-properties' to 'false' to disable
2022-12-18 22:11:49.609  INFO 10108 --- [restartedMain] .e.DevToolsPropertyDefaultsPostProcessor : For additional web related logging consider setting the 'logging.level.web' property to 'DEBUG'
2022-12-18 22:11:50.743  INFO 10108 --- [restartedMain] o.s.b.w.embedded.tomcat.TomcatWebServer  : Tomcat initialized with port(s): 8080 (http)
2022-12-18 22:11:50.754  INFO 10108 --- [restartedMain] o.apache.catalina.core.StandardService   : Starting service [Tomcat]
2022-12-18 22:11:50.755  INFO 10108 --- [restartedMain] org.apache.catalina.core.StandardEngine  : Starting Servlet engine: [Apache Tomcat/9.0.69]
2022-12-18 22:11:50.824  INFO 10108 --- [restartedMain] o.a.c.c.C.[Tomcat].[localhost].[/]       : Initializing Spring embedded WebApplicationContext
2022-12-18 22:11:50.824  INFO 10108 --- [restartedMain] w.s.c.ServletWebServerApplicationContext : Root WebApplicationContext: initialization completed in 1214 ms
2022-12-18 22:11:51.225  INFO 10108 --- [restartedMain] pertySourcedRequestMappingHandlerMapping : Mapped URL path [/v2/api-docs] onto method [springfox.documentation.swagger2.web.Swagger2Controller#getDocumentation(String, HttpServletRequest)]
2022-12-18 22:11:51.325  INFO 10108 --- [restartedMain] o.s.b.d.a.OptionalLiveReloadServer       : LiveReload server is running on port 35729
2022-12-18 22:11:51.462  INFO 10108 --- [restartedMain] o.s.b.w.embedded.tomcat.TomcatWebServer  : Tomcat started on port(s): 8080 (http) with context path ''
2022-12-18 22:11:51.463  INFO 10108 --- [restartedMain] d.s.w.p.DocumentationPluginsBootstrapper : Context refreshed
2022-12-18 22:11:51.477  INFO 10108 --- [restartedMain] d.s.w.p.DocumentationPluginsBootstrapper : Found 1 custom documentation plugin(s)
2022-12-18 22:11:51.504  INFO 10108 --- [restartedMain] s.d.s.w.s.ApiListingReferenceScanner     : Scanning for api listing references
2022-12-18 22:11:51.645  INFO 10108 --- [restartedMain] com.raj.natwest.NatwestApplication       : Started NatwestApplication in 2.491 seconds (JVM running for 2.944)
2022-12-18 22:11:51.650  INFO 10108 --- [restartedMain] com.raj.natwest.NatwestApplication       : Natwest Application started...
2022-12-18 22:12:06.027  INFO 10108 --- [http-nio-8080-exec-1] o.a.c.c.C.[Tomcat].[localhost].[/]       : Initializing Spring DispatcherServlet 'dispatcherServlet'
2022-12-18 22:12:06.028  INFO 10108 --- [http-nio-8080-exec-1] o.s.web.servlet.DispatcherServlet        : Initializing Servlet 'dispatcherServlet'
2022-12-18 22:12:06.029  INFO 10108 --- [http-nio-8080-exec-1] o.s.web.servlet.DispatcherServlet        : Completed initialization in 1 ms
2022-12-18 22:12:06.072 DEBUG 10108 --- [http-nio-8080-exec-1] c.raj.natwest.controller.gameController  : String player : rock
2022-12-18 22:12:06.073  INFO 10108 --- [http-nio-8080-exec-1] com.raj.natwest.service.GameServiceImpl  : getRandomMove() method called...
2022-12-18 22:12:06.074 DEBUG 10108 --- [http-nio-8080-exec-1] com.raj.natwest.service.GameServiceImpl  : playerMove = rock
2022-12-18 22:12:06.075 DEBUG 10108 --- [http-nio-8080-exec-1] com.raj.natwest.service.GameServiceImpl  : computerMove = paper
2022-12-18 22:12:06.075 DEBUG 10108 --- [http-nio-8080-exec-1] com.raj.natwest.service.GameServiceImpl  : result = Computer wins
2022-12-18 22:12:06.075 DEBUG 10108 --- [http-nio-8080-exec-1] c.raj.natwest.controller.gameController  : RestController result : Computer wins
2022-12-18 22:12:07.383 DEBUG 10108 --- [http-nio-8080-exec-3] c.raj.natwest.controller.gameController  : String player : rock
2022-12-18 22:12:07.383  INFO 10108 --- [http-nio-8080-exec-3] com.raj.natwest.service.GameServiceImpl  : getRandomMove() method called...
2022-12-18 22:12:07.383 DEBUG 10108 --- [http-nio-8080-exec-3] com.raj.natwest.service.GameServiceImpl  : playerMove = rock
2022-12-18 22:12:07.384 DEBUG 10108 --- [http-nio-8080-exec-3] com.raj.natwest.service.GameServiceImpl  : computerMove = paper
2022-12-18 22:12:07.384 DEBUG 10108 --- [http-nio-8080-exec-3] com.raj.natwest.service.GameServiceImpl  : result = Computer wins
2022-12-18 22:12:07.384 DEBUG 10108 --- [http-nio-8080-exec-3] c.raj.natwest.controller.gameController  : RestController result : Computer wins
2022-12-18 22:12:08.106 DEBUG 10108 --- [http-nio-8080-exec-4] c.raj.natwest.controller.gameController  : String player : rock
2022-12-18 22:12:08.107  INFO 10108 --- [http-nio-8080-exec-4] com.raj.natwest.service.GameServiceImpl  : getRandomMove() method called...
2022-12-18 22:12:08.108 DEBUG 10108 --- [http-nio-8080-exec-4] com.raj.natwest.service.GameServiceImpl  : playerMove = rock
2022-12-18 22:12:08.109 DEBUG 10108 --- [http-nio-8080-exec-4] com.raj.natwest.service.GameServiceImpl  : computerMove = scissors
2022-12-18 22:12:08.109 DEBUG 10108 --- [http-nio-8080-exec-4] com.raj.natwest.service.GameServiceImpl  : result = Player wins
2022-12-18 22:12:08.110 DEBUG 10108 --- [http-nio-8080-exec-4] c.raj.natwest.controller.gameController  : RestController result : Player wins
2022-12-18 22:12:08.622 DEBUG 10108 --- [http-nio-8080-exec-5] c.raj.natwest.controller.gameController  : String player : rock
2022-12-18 22:12:08.623  INFO 10108 --- [http-nio-8080-exec-5] com.raj.natwest.service.GameServiceImpl  : getRandomMove() method called...
2022-12-18 22:12:08.623 DEBUG 10108 --- [http-nio-8080-exec-5] com.raj.natwest.service.GameServiceImpl  : playerMove = rock
2022-12-18 22:12:08.623 DEBUG 10108 --- [http-nio-8080-exec-5] com.raj.natwest.service.GameServiceImpl  : computerMove = paper
2022-12-18 22:12:08.623 DEBUG 10108 --- [http-nio-8080-exec-5] com.raj.natwest.service.GameServiceImpl  : result = Computer wins
2022-12-18 22:12:08.623 DEBUG 10108 --- [http-nio-8080-exec-5] c.raj.natwest.controller.gameController  : RestController result : Computer wins
2022-12-18 22:12:08.974 DEBUG 10108 --- [http-nio-8080-exec-6] c.raj.natwest.controller.gameController  : String player : rock
2022-12-18 22:12:08.975  INFO 10108 --- [http-nio-8080-exec-6] com.raj.natwest.service.GameServiceImpl  : getRandomMove() method called...
2022-12-18 22:12:08.976 DEBUG 10108 --- [http-nio-8080-exec-6] com.raj.natwest.service.GameServiceImpl  : playerMove = rock
2022-12-18 22:12:08.976 DEBUG 10108 --- [http-nio-8080-exec-6] com.raj.natwest.service.GameServiceImpl  : computerMove = rock
2022-12-18 22:12:08.977 DEBUG 10108 --- [http-nio-8080-exec-6] com.raj.natwest.service.GameServiceImpl  : result = It is a tie
2022-12-18 22:12:08.977 DEBUG 10108 --- [http-nio-8080-exec-6] c.raj.natwest.controller.gameController  : RestController result : It is a tie
2022-12-18 22:12:09.294 DEBUG 10108 --- [http-nio-8080-exec-7] c.raj.natwest.controller.gameController  : String player : rock
2022-12-18 22:12:09.295  INFO 10108 --- [http-nio-8080-exec-7] com.raj.natwest.service.GameServiceImpl  : getRandomMove() method called...
2022-12-18 22:12:09.295 DEBUG 10108 --- [http-nio-8080-exec-7] com.raj.natwest.service.GameServiceImpl  : playerMove = rock
2022-12-18 22:12:09.295 DEBUG 10108 --- [http-nio-8080-exec-7] com.raj.natwest.service.GameServiceImpl  : computerMove = scissors
2022-12-18 22:12:09.295 DEBUG 10108 --- [http-nio-8080-exec-7] com.raj.natwest.service.GameServiceImpl  : result = Player wins
2022-12-18 22:12:09.296 DEBUG 10108 --- [http-nio-8080-exec-7] c.raj.natwest.controller.gameController  : RestController result : Player wins
2022-12-18 22:12:14.968 ERROR 10108 --- [http-nio-8080-exec-9] o.a.c.c.C.[.[.[/].[dispatcherServlet]    : Servlet.service() for servlet [dispatcherServlet] threw exception

javax.servlet.ServletException: Circular view path [error]: would dispatch back to the current handler URL [/error] again. Check your ViewResolver setup! (Hint: This may be the result of an unspecified view, due to default view name generation.)
	at org.springframework.web.servlet.view.InternalResourceView.prepareForRendering(InternalResourceView.java:210) ~[spring-webmvc-5.3.24.jar:5.3.24]
	at org.springframework.web.servlet.view.InternalResourceView.renderMergedOutputModel(InternalResourceView.java:148) ~[spring-webmvc-5.3.24.jar:5.3.24]
	at org.springframework.web.servlet.view.AbstractView.render(AbstractView.java:316) ~[spring-webmvc-5.3.24.jar:5.3.24]
	at org.springframework.web.servlet.DispatcherServlet.render(DispatcherServlet.java:1405) ~[spring-webmvc-5.3.24.jar:5.3.24]
	at org.springframework.web.servlet.DispatcherServlet.processDispatchResult(DispatcherServlet.java:1149) ~[spring-webmvc-5.3.24.jar:5.3.24]
	at org.springframework.web.servlet.DispatcherServlet.doDispatch(DispatcherServlet.java:1088) ~[spring-webmvc-5.3.24.jar:5.3.24]
	at org.springframework.web.servlet.DispatcherServlet.doService(DispatcherServlet.java:964) ~[spring-webmvc-5.3.24.jar:5.3.24]
	at org.springframework.web.servlet.FrameworkServlet.processRequest(FrameworkServlet.java:1006) ~[spring-webmvc-5.3.24.jar:5.3.24]
	at org.springframework.web.servlet.FrameworkServlet.doGet(FrameworkServlet.java:898) ~[spring-webmvc-5.3.24.jar:5.3.24]
	at javax.servlet.http.HttpServlet.service(HttpServlet.java:670) ~[tomcat-embed-core-9.0.69.jar:4.0.FR]
	at org.springframework.web.servlet.FrameworkServlet.service(FrameworkServlet.java:883) ~[spring-webmvc-5.3.24.jar:5.3.24]
	at javax.servlet.http.HttpServlet.service(HttpServlet.java:779) ~[tomcat-embed-core-9.0.69.jar:4.0.FR]
	at org.apache.catalina.core.ApplicationFilterChain.internalDoFilter(ApplicationFilterChain.java:227) ~[tomcat-embed-core-9.0.69.jar:9.0.69]
	at org.apache.catalina.core.ApplicationFilterChain.doFilter(ApplicationFilterChain.java:162) ~[tomcat-embed-core-9.0.69.jar:9.0.69]
	at org.springframework.web.filter.RequestContextFilter.doFilterInternal(RequestContextFilter.java:100) ~[spring-web-5.3.24.jar:5.3.24]
	at org.springframework.web.filter.OncePerRequestFilter.doFilter(OncePerRequestFilter.java:117) ~[spring-web-5.3.24.jar:5.3.24]
	at org.apache.catalina.core.ApplicationFilterChain.internalDoFilter(ApplicationFilterChain.java:189) ~[tomcat-embed-core-9.0.69.jar:9.0.69]
	at org.apache.catalina.core.ApplicationFilterChain.doFilter(ApplicationFilterChain.java:162) ~[tomcat-embed-core-9.0.69.jar:9.0.69]
	at org.springframework.web.filter.OncePerRequestFilter.doFilter(OncePerRequestFilter.java:102) ~[spring-web-5.3.24.jar:5.3.24]
	at org.apache.catalina.core.ApplicationFilterChain.internalDoFilter(ApplicationFilterChain.java:189) ~[tomcat-embed-core-9.0.69.jar:9.0.69]
	at org.apache.catalina.core.ApplicationFilterChain.doFilter(ApplicationFilterChain.java:162) ~[tomcat-embed-core-9.0.69.jar:9.0.69]
	at org.springframework.web.filter.OncePerRequestFilter.doFilter(OncePerRequestFilter.java:102) ~[spring-web-5.3.24.jar:5.3.24]
	at org.apache.catalina.core.ApplicationFilterChain.internalDoFilter(ApplicationFilterChain.java:189) ~[tomcat-embed-core-9.0.69.jar:9.0.69]
	at org.apache.catalina.core.ApplicationFilterChain.doFilter(ApplicationFilterChain.java:162) ~[tomcat-embed-core-9.0.69.jar:9.0.69]
	at org.apache.catalina.core.ApplicationDispatcher.invoke(ApplicationDispatcher.java:711) ~[tomcat-embed-core-9.0.69.jar:9.0.69]
	at org.apache.catalina.core.ApplicationDispatcher.processRequest(ApplicationDispatcher.java:461) ~[tomcat-embed-core-9.0.69.jar:9.0.69]
	at org.apache.catalina.core.ApplicationDispatcher.doForward(ApplicationDispatcher.java:385) ~[tomcat-embed-core-9.0.69.jar:9.0.69]
	at org.apache.catalina.core.ApplicationDispatcher.forward(ApplicationDispatcher.java:313) ~[tomcat-embed-core-9.0.69.jar:9.0.69]
	at org.apache.catalina.core.StandardHostValve.custom(StandardHostValve.java:403) ~[tomcat-embed-core-9.0.69.jar:9.0.69]
	at org.apache.catalina.core.StandardHostValve.status(StandardHostValve.java:249) ~[tomcat-embed-core-9.0.69.jar:9.0.69]
	at org.apache.catalina.core.StandardHostValve.invoke(StandardHostValve.java:171) ~[tomcat-embed-core-9.0.69.jar:9.0.69]
	at org.apache.catalina.valves.ErrorReportValve.invoke(ErrorReportValve.java:92) ~[tomcat-embed-core-9.0.69.jar:9.0.69]
	at org.apache.catalina.core.StandardEngineValve.invoke(StandardEngineValve.java:78) ~[tomcat-embed-core-9.0.69.jar:9.0.69]
	at org.apache.catalina.connector.CoyoteAdapter.service(CoyoteAdapter.java:360) ~[tomcat-embed-core-9.0.69.jar:9.0.69]
	at org.apache.coyote.http11.Http11Processor.service(Http11Processor.java:399) ~[tomcat-embed-core-9.0.69.jar:9.0.69]
	at org.apache.coyote.AbstractProcessorLight.process(AbstractProcessorLight.java:65) ~[tomcat-embed-core-9.0.69.jar:9.0.69]
	at org.apache.coyote.AbstractProtocol$ConnectionHandler.process(AbstractProtocol.java:891) ~[tomcat-embed-core-9.0.69.jar:9.0.69]
	at org.apache.tomcat.util.net.NioEndpoint$SocketProcessor.doRun(NioEndpoint.java:1784) ~[tomcat-embed-core-9.0.69.jar:9.0.69]
	at org.apache.tomcat.util.net.SocketProcessorBase.run(SocketProcessorBase.java:49) ~[tomcat-embed-core-9.0.69.jar:9.0.69]
	at org.apache.tomcat.util.threads.ThreadPoolExecutor.runWorker(ThreadPoolExecutor.java:1191) ~[tomcat-embed-core-9.0.69.jar:9.0.69]
	at org.apache.tomcat.util.threads.ThreadPoolExecutor$Worker.run(ThreadPoolExecutor.java:659) ~[tomcat-embed-core-9.0.69.jar:9.0.69]
	at org.apache.tomcat.util.threads.TaskThread$WrappingRunnable.run(TaskThread.java:61) ~[tomcat-embed-core-9.0.69.jar:9.0.69]
	at java.base/java.lang.Thread.run(Thread.java:833) ~[na:na]

2022-12-18 22:12:14.969 ERROR 10108 --- [http-nio-8080-exec-9] o.a.c.c.C.[Tomcat].[localhost]           : Exception Processing ErrorPage[errorCode=0, location=/error]

javax.servlet.ServletException: Circular view path [error]: would dispatch back to the current handler URL [/error] again. Check your ViewResolver setup! (Hint: This may be the result of an unspecified view, due to default view name generation.)
	at org.springframework.web.servlet.view.InternalResourceView.prepareForRendering(InternalResourceView.java:210) ~[spring-webmvc-5.3.24.jar:5.3.24]
	at org.springframework.web.servlet.view.InternalResourceView.renderMergedOutputModel(InternalResourceView.java:148) ~[spring-webmvc-5.3.24.jar:5.3.24]
	at org.springframework.web.servlet.view.AbstractView.render(AbstractView.java:316) ~[spring-webmvc-5.3.24.jar:5.3.24]
	at org.springframework.web.servlet.DispatcherServlet.render(DispatcherServlet.java:1405) ~[spring-webmvc-5.3.24.jar:5.3.24]
	at org.springframework.web.servlet.DispatcherServlet.processDispatchResult(DispatcherServlet.java:1149) ~[spring-webmvc-5.3.24.jar:5.3.24]
	at org.springframework.web.servlet.DispatcherServlet.doDispatch(DispatcherServlet.java:1088) ~[spring-webmvc-5.3.24.jar:5.3.24]
	at org.springframework.web.servlet.DispatcherServlet.doService(DispatcherServlet.java:964) ~[spring-webmvc-5.3.24.jar:5.3.24]
	at org.springframework.web.servlet.FrameworkServlet.processRequest(FrameworkServlet.java:1006) ~[spring-webmvc-5.3.24.jar:5.3.24]
	at org.springframework.web.servlet.FrameworkServlet.doGet(FrameworkServlet.java:898) ~[spring-webmvc-5.3.24.jar:5.3.24]
	at javax.servlet.http.HttpServlet.service(HttpServlet.java:670) ~[tomcat-embed-core-9.0.69.jar:4.0.FR]
	at org.springframework.web.servlet.FrameworkServlet.service(FrameworkServlet.java:883) ~[spring-webmvc-5.3.24.jar:5.3.24]
	at javax.servlet.http.HttpServlet.service(HttpServlet.java:779) ~[tomcat-embed-core-9.0.69.jar:4.0.FR]
	at org.apache.catalina.core.ApplicationFilterChain.internalDoFilter(ApplicationFilterChain.java:227) ~[tomcat-embed-core-9.0.69.jar:9.0.69]
	at org.apache.catalina.core.ApplicationFilterChain.doFilter(ApplicationFilterChain.java:162) ~[tomcat-embed-core-9.0.69.jar:9.0.69]
	at org.springframework.web.filter.RequestContextFilter.doFilterInternal(RequestContextFilter.java:100) ~[spring-web-5.3.24.jar:5.3.24]
	at org.springframework.web.filter.OncePerRequestFilter.doFilter(OncePerRequestFilter.java:117) ~[spring-web-5.3.24.jar:5.3.24]
	at org.apache.catalina.core.ApplicationFilterChain.internalDoFilter(ApplicationFilterChain.java:189) ~[tomcat-embed-core-9.0.69.jar:9.0.69]
	at org.apache.catalina.core.ApplicationFilterChain.doFilter(ApplicationFilterChain.java:162) ~[tomcat-embed-core-9.0.69.jar:9.0.69]
	at org.springframework.web.filter.OncePerRequestFilter.doFilter(OncePerRequestFilter.java:102) ~[spring-web-5.3.24.jar:5.3.24]
	at org.apache.catalina.core.ApplicationFilterChain.internalDoFilter(ApplicationFilterChain.java:189) ~[tomcat-embed-core-9.0.69.jar:9.0.69]
	at org.apache.catalina.core.ApplicationFilterChain.doFilter(ApplicationFilterChain.java:162) ~[tomcat-embed-core-9.0.69.jar:9.0.69]
	at org.springframework.web.filter.OncePerRequestFilter.doFilter(OncePerRequestFilter.java:102) ~[spring-web-5.3.24.jar:5.3.24]
	at org.apache.catalina.core.ApplicationFilterChain.internalDoFilter(ApplicationFilterChain.java:189) ~[tomcat-embed-core-9.0.69.jar:9.0.69]
	at org.apache.catalina.core.ApplicationFilterChain.doFilter(ApplicationFilterChain.java:162) ~[tomcat-embed-core-9.0.69.jar:9.0.69]
	at org.apache.catalina.core.ApplicationDispatcher.invoke(ApplicationDispatcher.java:711) ~[tomcat-embed-core-9.0.69.jar:9.0.69]
	at org.apache.catalina.core.ApplicationDispatcher.processRequest(ApplicationDispatcher.java:461) ~[tomcat-embed-core-9.0.69.jar:9.0.69]
	at org.apache.catalina.core.ApplicationDispatcher.doForward(ApplicationDispatcher.java:385) ~[tomcat-embed-core-9.0.69.jar:9.0.69]
	at org.apache.catalina.core.ApplicationDispatcher.forward(ApplicationDispatcher.java:313) ~[tomcat-embed-core-9.0.69.jar:9.0.69]
	at org.apache.catalina.core.StandardHostValve.custom(StandardHostValve.java:403) ~[tomcat-embed-core-9.0.69.jar:9.0.69]
	at org.apache.catalina.core.StandardHostValve.status(StandardHostValve.java:249) ~[tomcat-embed-core-9.0.69.jar:9.0.69]
	at org.apache.catalina.core.StandardHostValve.invoke(StandardHostValve.java:171) ~[tomcat-embed-core-9.0.69.jar:9.0.69]
	at org.apache.catalina.valves.ErrorReportValve.invoke(ErrorReportValve.java:92) ~[tomcat-embed-core-9.0.69.jar:9.0.69]
	at org.apache.catalina.core.StandardEngineValve.invoke(StandardEngineValve.java:78) ~[tomcat-embed-core-9.0.69.jar:9.0.69]
	at org.apache.catalina.connector.CoyoteAdapter.service(CoyoteAdapter.java:360) ~[tomcat-embed-core-9.0.69.jar:9.0.69]
	at org.apache.coyote.http11.Http11Processor.service(Http11Processor.java:399) ~[tomcat-embed-core-9.0.69.jar:9.0.69]
	at org.apache.coyote.AbstractProcessorLight.process(AbstractProcessorLight.java:65) ~[tomcat-embed-core-9.0.69.jar:9.0.69]
	at org.apache.coyote.AbstractProtocol$ConnectionHandler.process(AbstractProtocol.java:891) ~[tomcat-embed-core-9.0.69.jar:9.0.69]
	at org.apache.tomcat.util.net.NioEndpoint$SocketProcessor.doRun(NioEndpoint.java:1784) ~[tomcat-embed-core-9.0.69.jar:9.0.69]
	at org.apache.tomcat.util.net.SocketProcessorBase.run(SocketProcessorBase.java:49) ~[tomcat-embed-core-9.0.69.jar:9.0.69]
	at org.apache.tomcat.util.threads.ThreadPoolExecutor.runWorker(ThreadPoolExecutor.java:1191) ~[tomcat-embed-core-9.0.69.jar:9.0.69]
	at org.apache.tomcat.util.threads.ThreadPoolExecutor$Worker.run(ThreadPoolExecutor.java:659) ~[tomcat-embed-core-9.0.69.jar:9.0.69]
	at org.apache.tomcat.util.threads.TaskThread$WrappingRunnable.run(TaskThread.java:61) ~[tomcat-embed-core-9.0.69.jar:9.0.69]
	at java.base/java.lang.Thread.run(Thread.java:833) ~[na:na]

2022-12-18 22:12:20.479 ERROR 10108 --- [http-nio-8080-exec-8] o.a.c.c.C.[.[.[/].[dispatcherServlet]    : Servlet.service() for servlet [dispatcherServlet] threw exception

javax.servlet.ServletException: Circular view path [error]: would dispatch back to the current handler URL [/error] again. Check your ViewResolver setup! (Hint: This may be the result of an unspecified view, due to default view name generation.)
	at org.springframework.web.servlet.view.InternalResourceView.prepareForRendering(InternalResourceView.java:210) ~[spring-webmvc-5.3.24.jar:5.3.24]
	at org.springframework.web.servlet.view.InternalResourceView.renderMergedOutputModel(InternalResourceView.java:148) ~[spring-webmvc-5.3.24.jar:5.3.24]
	at org.springframework.web.servlet.view.AbstractView.render(AbstractView.java:316) ~[spring-webmvc-5.3.24.jar:5.3.24]
	at org.springframework.web.servlet.DispatcherServlet.render(DispatcherServlet.java:1405) ~[spring-webmvc-5.3.24.jar:5.3.24]
	at org.springframework.web.servlet.DispatcherServlet.processDispatchResult(DispatcherServlet.java:1149) ~[spring-webmvc-5.3.24.jar:5.3.24]
	at org.springframework.web.servlet.DispatcherServlet.doDispatch(DispatcherServlet.java:1088) ~[spring-webmvc-5.3.24.jar:5.3.24]
	at org.springframework.web.servlet.DispatcherServlet.doService(DispatcherServlet.java:964) ~[spring-webmvc-5.3.24.jar:5.3.24]
	at org.springframework.web.servlet.FrameworkServlet.processRequest(FrameworkServlet.java:1006) ~[spring-webmvc-5.3.24.jar:5.3.24]
	at org.springframework.web.servlet.FrameworkServlet.doGet(FrameworkServlet.java:898) ~[spring-webmvc-5.3.24.jar:5.3.24]
	at javax.servlet.http.HttpServlet.service(HttpServlet.java:670) ~[tomcat-embed-core-9.0.69.jar:4.0.FR]
	at org.springframework.web.servlet.FrameworkServlet.service(FrameworkServlet.java:883) ~[spring-webmvc-5.3.24.jar:5.3.24]
	at javax.servlet.http.HttpServlet.service(HttpServlet.java:779) ~[tomcat-embed-core-9.0.69.jar:4.0.FR]
	at org.apache.catalina.core.ApplicationFilterChain.internalDoFilter(ApplicationFilterChain.java:227) ~[tomcat-embed-core-9.0.69.jar:9.0.69]
	at org.apache.catalina.core.ApplicationFilterChain.doFilter(ApplicationFilterChain.java:162) ~[tomcat-embed-core-9.0.69.jar:9.0.69]
	at org.springframework.web.filter.RequestContextFilter.doFilterInternal(RequestContextFilter.java:100) ~[spring-web-5.3.24.jar:5.3.24]
	at org.springframework.web.filter.OncePerRequestFilter.doFilter(OncePerRequestFilter.java:117) ~[spring-web-5.3.24.jar:5.3.24]
	at org.apache.catalina.core.ApplicationFilterChain.internalDoFilter(ApplicationFilterChain.java:189) ~[tomcat-embed-core-9.0.69.jar:9.0.69]
	at org.apache.catalina.core.ApplicationFilterChain.doFilter(ApplicationFilterChain.java:162) ~[tomcat-embed-core-9.0.69.jar:9.0.69]
	at org.springframework.web.filter.OncePerRequestFilter.doFilter(OncePerRequestFilter.java:102) ~[spring-web-5.3.24.jar:5.3.24]
	at org.apache.catalina.core.ApplicationFilterChain.internalDoFilter(ApplicationFilterChain.java:189) ~[tomcat-embed-core-9.0.69.jar:9.0.69]
	at org.apache.catalina.core.ApplicationFilterChain.doFilter(ApplicationFilterChain.java:162) ~[tomcat-embed-core-9.0.69.jar:9.0.69]
	at org.springframework.web.filter.OncePerRequestFilter.doFilter(OncePerRequestFilter.java:102) ~[spring-web-5.3.24.jar:5.3.24]
	at org.apache.catalina.core.ApplicationFilterChain.internalDoFilter(ApplicationFilterChain.java:189) ~[tomcat-embed-core-9.0.69.jar:9.0.69]
	at org.apache.catalina.core.ApplicationFilterChain.doFilter(ApplicationFilterChain.java:162) ~[tomcat-embed-core-9.0.69.jar:9.0.69]
	at org.apache.catalina.core.ApplicationDispatcher.invoke(ApplicationDispatcher.java:711) ~[tomcat-embed-core-9.0.69.jar:9.0.69]
	at org.apache.catalina.core.ApplicationDispatcher.processRequest(ApplicationDispatcher.java:461) ~[tomcat-embed-core-9.0.69.jar:9.0.69]
	at org.apache.catalina.core.ApplicationDispatcher.doForward(ApplicationDispatcher.java:385) ~[tomcat-embed-core-9.0.69.jar:9.0.69]
	at org.apache.catalina.core.ApplicationDispatcher.forward(ApplicationDispatcher.java:313) ~[tomcat-embed-core-9.0.69.jar:9.0.69]
	at org.apache.catalina.core.StandardHostValve.custom(StandardHostValve.java:403) ~[tomcat-embed-core-9.0.69.jar:9.0.69]
	at org.apache.catalina.core.StandardHostValve.status(StandardHostValve.java:249) ~[tomcat-embed-core-9.0.69.jar:9.0.69]
	at org.apache.catalina.core.StandardHostValve.invoke(StandardHostValve.java:171) ~[tomcat-embed-core-9.0.69.jar:9.0.69]
	at org.apache.catalina.valves.ErrorReportValve.invoke(ErrorReportValve.java:92) ~[tomcat-embed-core-9.0.69.jar:9.0.69]
	at org.apache.catalina.core.StandardEngineValve.invoke(StandardEngineValve.java:78) ~[tomcat-embed-core-9.0.69.jar:9.0.69]
	at org.apache.catalina.connector.CoyoteAdapter.service(CoyoteAdapter.java:360) ~[tomcat-embed-core-9.0.69.jar:9.0.69]
	at org.apache.coyote.http11.Http11Processor.service(Http11Processor.java:399) ~[tomcat-embed-core-9.0.69.jar:9.0.69]
	at org.apache.coyote.AbstractProcessorLight.process(AbstractProcessorLight.java:65) ~[tomcat-embed-core-9.0.69.jar:9.0.69]
	at org.apache.coyote.AbstractProtocol$ConnectionHandler.process(AbstractProtocol.java:891) ~[tomcat-embed-core-9.0.69.jar:9.0.69]
	at org.apache.tomcat.util.net.NioEndpoint$SocketProcessor.doRun(NioEndpoint.java:1784) ~[tomcat-embed-core-9.0.69.jar:9.0.69]
	at org.apache.tomcat.util.net.SocketProcessorBase.run(SocketProcessorBase.java:49) ~[tomcat-embed-core-9.0.69.jar:9.0.69]
	at org.apache.tomcat.util.threads.ThreadPoolExecutor.runWorker(ThreadPoolExecutor.java:1191) ~[tomcat-embed-core-9.0.69.jar:9.0.69]
	at org.apache.tomcat.util.threads.ThreadPoolExecutor$Worker.run(ThreadPoolExecutor.java:659) ~[tomcat-embed-core-9.0.69.jar:9.0.69]
	at org.apache.tomcat.util.threads.TaskThread$WrappingRunnable.run(TaskThread.java:61) ~[tomcat-embed-core-9.0.69.jar:9.0.69]
	at java.base/java.lang.Thread.run(Thread.java:833) ~[na:na]

2022-12-18 22:12:20.480 ERROR 10108 --- [http-nio-8080-exec-8] o.a.c.c.C.[Tomcat].[localhost]           : Exception Processing ErrorPage[errorCode=0, location=/error]

javax.servlet.ServletException: Circular view path [error]: would dispatch back to the current handler URL [/error] again. Check your ViewResolver setup! (Hint: This may be the result of an unspecified view, due to default view name generation.)
	at org.springframework.web.servlet.view.InternalResourceView.prepareForRendering(InternalResourceView.java:210) ~[spring-webmvc-5.3.24.jar:5.3.24]
	at org.springframework.web.servlet.view.InternalResourceView.renderMergedOutputModel(InternalResourceView.java:148) ~[spring-webmvc-5.3.24.jar:5.3.24]
	at org.springframework.web.servlet.view.AbstractView.render(AbstractView.java:316) ~[spring-webmvc-5.3.24.jar:5.3.24]
	at org.springframework.web.servlet.DispatcherServlet.render(DispatcherServlet.java:1405) ~[spring-webmvc-5.3.24.jar:5.3.24]
	at org.springframework.web.servlet.DispatcherServlet.processDispatchResult(DispatcherServlet.java:1149) ~[spring-webmvc-5.3.24.jar:5.3.24]
	at org.springframework.web.servlet.DispatcherServlet.doDispatch(DispatcherServlet.java:1088) ~[spring-webmvc-5.3.24.jar:5.3.24]
	at org.springframework.web.servlet.DispatcherServlet.doService(DispatcherServlet.java:964) ~[spring-webmvc-5.3.24.jar:5.3.24]
	at org.springframework.web.servlet.FrameworkServlet.processRequest(FrameworkServlet.java:1006) ~[spring-webmvc-5.3.24.jar:5.3.24]
	at org.springframework.web.servlet.FrameworkServlet.doGet(FrameworkServlet.java:898) ~[spring-webmvc-5.3.24.jar:5.3.24]
	at javax.servlet.http.HttpServlet.service(HttpServlet.java:670) ~[tomcat-embed-core-9.0.69.jar:4.0.FR]
	at org.springframework.web.servlet.FrameworkServlet.service(FrameworkServlet.java:883) ~[spring-webmvc-5.3.24.jar:5.3.24]
	at javax.servlet.http.HttpServlet.service(HttpServlet.java:779) ~[tomcat-embed-core-9.0.69.jar:4.0.FR]
	at org.apache.catalina.core.ApplicationFilterChain.internalDoFilter(ApplicationFilterChain.java:227) ~[tomcat-embed-core-9.0.69.jar:9.0.69]
	at org.apache.catalina.core.ApplicationFilterChain.doFilter(ApplicationFilterChain.java:162) ~[tomcat-embed-core-9.0.69.jar:9.0.69]
	at org.springframework.web.filter.RequestContextFilter.doFilterInternal(RequestContextFilter.java:100) ~[spring-web-5.3.24.jar:5.3.24]
	at org.springframework.web.filter.OncePerRequestFilter.doFilter(OncePerRequestFilter.java:117) ~[spring-web-5.3.24.jar:5.3.24]
	at org.apache.catalina.core.ApplicationFilterChain.internalDoFilter(ApplicationFilterChain.java:189) ~[tomcat-embed-core-9.0.69.jar:9.0.69]
	at org.apache.catalina.core.ApplicationFilterChain.doFilter(ApplicationFilterChain.java:162) ~[tomcat-embed-core-9.0.69.jar:9.0.69]
	at org.springframework.web.filter.OncePerRequestFilter.doFilter(OncePerRequestFilter.java:102) ~[spring-web-5.3.24.jar:5.3.24]
	at org.apache.catalina.core.ApplicationFilterChain.internalDoFilter(ApplicationFilterChain.java:189) ~[tomcat-embed-core-9.0.69.jar:9.0.69]
	at org.apache.catalina.core.ApplicationFilterChain.doFilter(ApplicationFilterChain.java:162) ~[tomcat-embed-core-9.0.69.jar:9.0.69]
	at org.springframework.web.filter.OncePerRequestFilter.doFilter(OncePerRequestFilter.java:102) ~[spring-web-5.3.24.jar:5.3.24]
	at org.apache.catalina.core.ApplicationFilterChain.internalDoFilter(ApplicationFilterChain.java:189) ~[tomcat-embed-core-9.0.69.jar:9.0.69]
	at org.apache.catalina.core.ApplicationFilterChain.doFilter(ApplicationFilterChain.java:162) ~[tomcat-embed-core-9.0.69.jar:9.0.69]
	at org.apache.catalina.core.ApplicationDispatcher.invoke(ApplicationDispatcher.java:711) ~[tomcat-embed-core-9.0.69.jar:9.0.69]
	at org.apache.catalina.core.ApplicationDispatcher.processRequest(ApplicationDispatcher.java:461) ~[tomcat-embed-core-9.0.69.jar:9.0.69]
	at org.apache.catalina.core.ApplicationDispatcher.doForward(ApplicationDispatcher.java:385) ~[tomcat-embed-core-9.0.69.jar:9.0.69]
	at org.apache.catalina.core.ApplicationDispatcher.forward(ApplicationDispatcher.java:313) ~[tomcat-embed-core-9.0.69.jar:9.0.69]
	at org.apache.catalina.core.StandardHostValve.custom(StandardHostValve.java:403) ~[tomcat-embed-core-9.0.69.jar:9.0.69]
	at org.apache.catalina.core.StandardHostValve.status(StandardHostValve.java:249) ~[tomcat-embed-core-9.0.69.jar:9.0.69]
	at org.apache.catalina.core.StandardHostValve.invoke(StandardHostValve.java:171) ~[tomcat-embed-core-9.0.69.jar:9.0.69]
	at org.apache.catalina.valves.ErrorReportValve.invoke(ErrorReportValve.java:92) ~[tomcat-embed-core-9.0.69.jar:9.0.69]
	at org.apache.catalina.core.StandardEngineValve.invoke(StandardEngineValve.java:78) ~[tomcat-embed-core-9.0.69.jar:9.0.69]
	at org.apache.catalina.connector.CoyoteAdapter.service(CoyoteAdapter.java:360) ~[tomcat-embed-core-9.0.69.jar:9.0.69]
	at org.apache.coyote.http11.Http11Processor.service(Http11Processor.java:399) ~[tomcat-embed-core-9.0.69.jar:9.0.69]
	at org.apache.coyote.AbstractProcessorLight.process(AbstractProcessorLight.java:65) ~[tomcat-embed-core-9.0.69.jar:9.0.69]
	at org.apache.coyote.AbstractProtocol$ConnectionHandler.process(AbstractProtocol.java:891) ~[tomcat-embed-core-9.0.69.jar:9.0.69]
	at org.apache.tomcat.util.net.NioEndpoint$SocketProcessor.doRun(NioEndpoint.java:1784) ~[tomcat-embed-core-9.0.69.jar:9.0.69]
	at org.apache.tomcat.util.net.SocketProcessorBase.run(SocketProcessorBase.java:49) ~[tomcat-embed-core-9.0.69.jar:9.0.69]
	at org.apache.tomcat.util.threads.ThreadPoolExecutor.runWorker(ThreadPoolExecutor.java:1191) ~[tomcat-embed-core-9.0.69.jar:9.0.69]
	at org.apache.tomcat.util.threads.ThreadPoolExecutor$Worker.run(ThreadPoolExecutor.java:659) ~[tomcat-embed-core-9.0.69.jar:9.0.69]
	at org.apache.tomcat.util.threads.TaskThread$WrappingRunnable.run(TaskThread.java:61) ~[tomcat-embed-core-9.0.69.jar:9.0.69]
	at java.base/java.lang.Thread.run(Thread.java:833) ~[na:na]

2022-12-18 22:12:26.647 DEBUG 10108 --- [http-nio-8080-exec-10] c.raj.natwest.controller.gameController  : String player : 
2022-12-18 22:12:26.647  INFO 10108 --- [http-nio-8080-exec-10] com.raj.natwest.service.GameServiceImpl  : getRandomMove() method called...
2022-12-18 22:12:26.650  WARN 10108 --- [http-nio-8080-exec-10] .m.m.a.ExceptionHandlerExceptionResolver : Resolved [com.raj.natwest.CustomExceptions.NullParameterException: Request parameter can not be null or empty]
2022-12-18 22:12:29.129 DEBUG 10108 --- [http-nio-8080-exec-1] c.raj.natwest.controller.gameController  : String player : 
2022-12-18 22:12:29.130  INFO 10108 --- [http-nio-8080-exec-1] com.raj.natwest.service.GameServiceImpl  : getRandomMove() method called...
2022-12-18 22:12:29.131  WARN 10108 --- [http-nio-8080-exec-1] .m.m.a.ExceptionHandlerExceptionResolver : Resolved [com.raj.natwest.CustomExceptions.NullParameterException: Request parameter can not be null or empty]
2022-12-18 23:37:22.151  INFO 11668 --- [restartedMain] com.raj.natwest.NatwestApplication       : Starting NatwestApplication using Java 17.0.5 on DESKTOP-G7OBHEF with PID 11668 (C:\Users\rajma\Documents\eSpringBoot_Workspace\natwest\target\classes started by rajma in C:\Users\rajma\Documents\eSpringBoot_Workspace\natwest)
2022-12-18 23:37:22.154 DEBUG 11668 --- [restartedMain] com.raj.natwest.NatwestApplication       : Running with Spring Boot v2.7.6, Spring v5.3.24
2022-12-18 23:37:22.156  INFO 11668 --- [restartedMain] com.raj.natwest.NatwestApplication       : No active profile set, falling back to 1 default profile: "default"
2022-12-18 23:37:22.270  INFO 11668 --- [restartedMain] .e.DevToolsPropertyDefaultsPostProcessor : Devtools property defaults active! Set 'spring.devtools.add-properties' to 'false' to disable
2022-12-18 23:37:22.272  INFO 11668 --- [restartedMain] .e.DevToolsPropertyDefaultsPostProcessor : For additional web related logging consider setting the 'logging.level.web' property to 'DEBUG'
2022-12-18 23:37:24.063  INFO 11668 --- [restartedMain] o.s.b.w.embedded.tomcat.TomcatWebServer  : Tomcat initialized with port(s): 8080 (http)
2022-12-18 23:37:24.081  INFO 11668 --- [restartedMain] o.apache.catalina.core.StandardService   : Starting service [Tomcat]
2022-12-18 23:37:24.081  INFO 11668 --- [restartedMain] org.apache.catalina.core.StandardEngine  : Starting Servlet engine: [Apache Tomcat/9.0.69]
2022-12-18 23:37:24.292  INFO 11668 --- [restartedMain] o.a.c.c.C.[Tomcat].[localhost].[/]       : Initializing Spring embedded WebApplicationContext
2022-12-18 23:37:24.293  INFO 11668 --- [restartedMain] w.s.c.ServletWebServerApplicationContext : Root WebApplicationContext: initialization completed in 2021 ms
2022-12-18 23:37:24.966  INFO 11668 --- [restartedMain] pertySourcedRequestMappingHandlerMapping : Mapped URL path [/v2/api-docs] onto method [springfox.documentation.swagger2.web.Swagger2Controller#getDocumentation(String, HttpServletRequest)]
2022-12-18 23:37:25.115  INFO 11668 --- [restartedMain] o.s.b.d.a.OptionalLiveReloadServer       : LiveReload server is running on port 35729
2022-12-18 23:37:25.371  INFO 11668 --- [restartedMain] o.s.b.w.embedded.tomcat.TomcatWebServer  : Tomcat started on port(s): 8080 (http) with context path ''
2022-12-18 23:37:25.373  INFO 11668 --- [restartedMain] d.s.w.p.DocumentationPluginsBootstrapper : Context refreshed
2022-12-18 23:37:25.412  INFO 11668 --- [restartedMain] d.s.w.p.DocumentationPluginsBootstrapper : Found 1 custom documentation plugin(s)
2022-12-18 23:37:25.468  INFO 11668 --- [restartedMain] s.d.s.w.s.ApiListingReferenceScanner     : Scanning for api listing references
2022-12-18 23:37:25.743  INFO 11668 --- [restartedMain] com.raj.natwest.NatwestApplication       : Started NatwestApplication in 4.293 seconds (JVM running for 5.013)
2022-12-18 23:37:25.748  INFO 11668 --- [restartedMain] com.raj.natwest.NatwestApplication       : Natwest Application started...
2022-12-18 23:37:30.873  INFO 11668 --- [http-nio-8080-exec-1] o.a.c.c.C.[Tomcat].[localhost].[/]       : Initializing Spring DispatcherServlet 'dispatcherServlet'
2022-12-18 23:37:30.873  INFO 11668 --- [http-nio-8080-exec-1] o.s.web.servlet.DispatcherServlet        : Initializing Servlet 'dispatcherServlet'
2022-12-18 23:37:30.876  INFO 11668 --- [http-nio-8080-exec-1] o.s.web.servlet.DispatcherServlet        : Completed initialization in 1 ms
2022-12-18 23:37:57.132  INFO 16000 --- [main] com.raj.natwest.NatwestApplicationTests  : Starting NatwestApplicationTests using Java 17.0.5 on DESKTOP-G7OBHEF with PID 16000 (started by rajma in C:\Users\rajma\Documents\eSpringBoot_Workspace\natwest)
2022-12-18 23:37:57.133 DEBUG 16000 --- [main] com.raj.natwest.NatwestApplicationTests  : Running with Spring Boot v2.7.6, Spring v5.3.24
2022-12-18 23:37:57.135  INFO 16000 --- [main] com.raj.natwest.NatwestApplicationTests  : No active profile set, falling back to 1 default profile: "default"
2022-12-18 23:37:59.194  INFO 16000 --- [main] pertySourcedRequestMappingHandlerMapping : Mapped URL path [/v2/api-docs] onto method [springfox.documentation.swagger2.web.Swagger2Controller#getDocumentation(String, HttpServletRequest)]
2022-12-18 23:37:59.910  INFO 16000 --- [main] d.s.w.p.DocumentationPluginsBootstrapper : Context refreshed
2022-12-18 23:37:59.935  INFO 16000 --- [main] d.s.w.p.DocumentationPluginsBootstrapper : Found 1 custom documentation plugin(s)
2022-12-18 23:37:59.974  INFO 16000 --- [main] s.d.s.w.s.ApiListingReferenceScanner     : Scanning for api listing references
2022-12-18 23:38:00.230  INFO 16000 --- [main] com.raj.natwest.NatwestApplicationTests  : Started NatwestApplicationTests in 3.545 seconds (JVM running for 4.949)
2022-12-18 23:38:00.881 ERROR 16000 --- [main] com.raj.natwest.service.GameServiceImpl  : No enum constant com.raj.natwest.enums.Moves.rook
2022-12-18 23:38:00.881 ERROR 16000 --- [main] com.raj.natwest.service.GameServiceImpl  : No enum constant com.raj.natwest.enums.Moves.sicsor
2022-12-18 23:38:00.882 ERROR 16000 --- [main] com.raj.natwest.service.GameServiceImpl  : No enum constant com.raj.natwest.enums.Moves.xyz
2022-12-18 23:38:00.889  INFO 16000 --- [main] com.raj.natwest.service.GameServiceImpl  : getRandomMove() method called...
2022-12-18 23:38:00.977  INFO 16000 --- [main] com.raj.natwest.service.GameServiceImpl  : getRandomMove() method called...
2022-12-18 23:38:00.977  INFO 16000 --- [main] com.raj.natwest.service.GameServiceImpl  : getRandomMove() method called...
2022-12-18 23:38:00.977  INFO 16000 --- [main] com.raj.natwest.service.GameServiceImpl  : getRandomMove() method called...
2022-12-18 23:38:00.985 DEBUG 16000 --- [main] com.raj.natwest.service.GameServiceImpl  : playerMove = rock
2022-12-18 23:38:00.986 DEBUG 16000 --- [main] com.raj.natwest.service.GameServiceImpl  : computerMove = paper
2022-12-18 23:38:00.986 DEBUG 16000 --- [main] com.raj.natwest.service.GameServiceImpl  : result = Computer wins
2022-12-18 23:38:01.016 DEBUG 16000 --- [main] com.raj.natwest.service.GameServiceImpl  : playerMove = paper
2022-12-18 23:38:01.016 DEBUG 16000 --- [main] com.raj.natwest.service.GameServiceImpl  : computerMove = paper
2022-12-18 23:38:01.016 DEBUG 16000 --- [main] com.raj.natwest.service.GameServiceImpl  : result = It is a tie
2022-12-18 23:38:01.016 DEBUG 16000 --- [main] com.raj.natwest.service.GameServiceImpl  : playerMove = scissors
2022-12-18 23:38:01.016 DEBUG 16000 --- [main] com.raj.natwest.service.GameServiceImpl  : computerMove = paper
2022-12-18 23:38:01.016 DEBUG 16000 --- [main] com.raj.natwest.service.GameServiceImpl  : result = Player wins
2022-12-18 23:38:01.017 DEBUG 16000 --- [main] com.raj.natwest.service.GameServiceImpl  : playerMove = rock
2022-12-18 23:38:01.017 DEBUG 16000 --- [main] com.raj.natwest.service.GameServiceImpl  : computerMove = rock
2022-12-18 23:38:01.017 DEBUG 16000 --- [main] com.raj.natwest.service.GameServiceImpl  : result = It is a tie
2022-12-18 23:38:01.017 DEBUG 16000 --- [main] com.raj.natwest.service.GameServiceImpl  : playerMove = paper
2022-12-18 23:38:01.017 DEBUG 16000 --- [main] com.raj.natwest.service.GameServiceImpl  : computerMove = rock
2022-12-18 23:38:01.017 DEBUG 16000 --- [main] com.raj.natwest.service.GameServiceImpl  : result = Player wins
2022-12-18 23:38:01.018 DEBUG 16000 --- [main] com.raj.natwest.service.GameServiceImpl  : playerMove = scissors
2022-12-18 23:38:01.018 DEBUG 16000 --- [main] com.raj.natwest.service.GameServiceImpl  : computerMove = rock
2022-12-18 23:38:01.018 DEBUG 16000 --- [main] com.raj.natwest.service.GameServiceImpl  : result = Computer wins
2022-12-18 23:38:01.018 DEBUG 16000 --- [main] com.raj.natwest.service.GameServiceImpl  : playerMove = rock
2022-12-18 23:38:01.018 DEBUG 16000 --- [main] com.raj.natwest.service.GameServiceImpl  : computerMove = scissors
2022-12-18 23:38:01.018 DEBUG 16000 --- [main] com.raj.natwest.service.GameServiceImpl  : result = Player wins
2022-12-18 23:38:01.018 DEBUG 16000 --- [main] com.raj.natwest.service.GameServiceImpl  : playerMove = paper
2022-12-18 23:38:01.018 DEBUG 16000 --- [main] com.raj.natwest.service.GameServiceImpl  : computerMove = scissors
2022-12-18 23:38:01.018 DEBUG 16000 --- [main] com.raj.natwest.service.GameServiceImpl  : result = Computer wins
2022-12-18 23:38:01.018 DEBUG 16000 --- [main] com.raj.natwest.service.GameServiceImpl  : playerMove = scissors
2022-12-18 23:38:01.018 DEBUG 16000 --- [main] com.raj.natwest.service.GameServiceImpl  : computerMove = scissors
2022-12-18 23:38:01.018 DEBUG 16000 --- [main] com.raj.natwest.service.GameServiceImpl  : result = It is a tie
2022-12-18 23:38:26.639 DEBUG 11668 --- [http-nio-8080-exec-6] c.raj.natwest.controller.gameController  : String player : rock
2022-12-18 23:38:26.640  INFO 11668 --- [http-nio-8080-exec-6] com.raj.natwest.service.GameServiceImpl  : getRandomMove() method called...
2022-12-18 23:38:26.641 DEBUG 11668 --- [http-nio-8080-exec-6] com.raj.natwest.service.GameServiceImpl  : playerMove = rock
2022-12-18 23:38:26.641 DEBUG 11668 --- [http-nio-8080-exec-6] com.raj.natwest.service.GameServiceImpl  : computerMove = scissors
2022-12-18 23:38:26.641 DEBUG 11668 --- [http-nio-8080-exec-6] com.raj.natwest.service.GameServiceImpl  : result = Player wins
2022-12-18 23:38:26.641 DEBUG 11668 --- [http-nio-8080-exec-6] c.raj.natwest.controller.gameController  : RestController result : Player wins
2022-12-18 23:38:32.147 DEBUG 11668 --- [http-nio-8080-exec-3] c.raj.natwest.controller.gameController  : String player : scissors
2022-12-18 23:38:32.147  INFO 11668 --- [http-nio-8080-exec-3] com.raj.natwest.service.GameServiceImpl  : getRandomMove() method called...
2022-12-18 23:38:32.147 DEBUG 11668 --- [http-nio-8080-exec-3] com.raj.natwest.service.GameServiceImpl  : playerMove = scissors
2022-12-18 23:38:32.147 DEBUG 11668 --- [http-nio-8080-exec-3] com.raj.natwest.service.GameServiceImpl  : computerMove = rock
2022-12-18 23:38:32.148 DEBUG 11668 --- [http-nio-8080-exec-3] com.raj.natwest.service.GameServiceImpl  : result = Computer wins
2022-12-18 23:38:32.148 DEBUG 11668 --- [http-nio-8080-exec-3] c.raj.natwest.controller.gameController  : RestController result : Computer wins
2022-12-18 23:38:35.410 DEBUG 11668 --- [http-nio-8080-exec-4] c.raj.natwest.controller.gameController  : String player : scissor
2022-12-18 23:38:35.410  INFO 11668 --- [http-nio-8080-exec-4] com.raj.natwest.service.GameServiceImpl  : getRandomMove() method called...
2022-12-18 23:38:35.411 ERROR 11668 --- [http-nio-8080-exec-4] com.raj.natwest.service.GameServiceImpl  : No enum constant com.raj.natwest.enums.Moves.scissor
2022-12-18 23:38:35.414  WARN 11668 --- [http-nio-8080-exec-4] .m.m.a.ExceptionHandlerExceptionResolver : Resolved [com.raj.natwest.CustomExceptions.InvalidMoveException: Invalid Move! You can only select Rock, Paper or Scissors]
2022-12-18 23:38:38.466 DEBUG 11668 --- [http-nio-8080-exec-10] c.raj.natwest.controller.gameController  : String player : scissors
2022-12-18 23:38:38.466  INFO 11668 --- [http-nio-8080-exec-10] com.raj.natwest.service.GameServiceImpl  : getRandomMove() method called...
2022-12-18 23:38:38.467 DEBUG 11668 --- [http-nio-8080-exec-10] com.raj.natwest.service.GameServiceImpl  : playerMove = scissors
2022-12-18 23:38:38.467 DEBUG 11668 --- [http-nio-8080-exec-10] com.raj.natwest.service.GameServiceImpl  : computerMove = scissors
2022-12-18 23:38:38.467 DEBUG 11668 --- [http-nio-8080-exec-10] com.raj.natwest.service.GameServiceImpl  : result = It is a tie
2022-12-18 23:38:38.467 DEBUG 11668 --- [http-nio-8080-exec-10] c.raj.natwest.controller.gameController  : RestController result : It is a tie
2022-12-18 23:38:40.578 DEBUG 11668 --- [http-nio-8080-exec-8] c.raj.natwest.controller.gameController  : String player : scissor
2022-12-18 23:38:40.578  INFO 11668 --- [http-nio-8080-exec-8] com.raj.natwest.service.GameServiceImpl  : getRandomMove() method called...
2022-12-18 23:38:40.579 ERROR 11668 --- [http-nio-8080-exec-8] com.raj.natwest.service.GameServiceImpl  : No enum constant com.raj.natwest.enums.Moves.scissor
2022-12-18 23:38:40.581  WARN 11668 --- [http-nio-8080-exec-8] .m.m.a.ExceptionHandlerExceptionResolver : Resolved [com.raj.natwest.CustomExceptions.InvalidMoveException: Invalid Move! You can only select Rock, Paper or Scissors]
2022-12-18 23:38:47.443 DEBUG 11668 --- [http-nio-8080-exec-5] c.raj.natwest.controller.gameController  : String player : paper
2022-12-18 23:38:47.443  INFO 11668 --- [http-nio-8080-exec-5] com.raj.natwest.service.GameServiceImpl  : getRandomMove() method called...
2022-12-18 23:38:47.443 DEBUG 11668 --- [http-nio-8080-exec-5] com.raj.natwest.service.GameServiceImpl  : playerMove = paper
2022-12-18 23:38:47.443 DEBUG 11668 --- [http-nio-8080-exec-5] com.raj.natwest.service.GameServiceImpl  : computerMove = scissors
2022-12-18 23:38:47.443 DEBUG 11668 --- [http-nio-8080-exec-5] com.raj.natwest.service.GameServiceImpl  : result = Computer wins
2022-12-18 23:38:47.444 DEBUG 11668 --- [http-nio-8080-exec-5] c.raj.natwest.controller.gameController  : RestController result : Computer wins
2022-12-18 23:38:47.998 DEBUG 11668 --- [http-nio-8080-exec-6] c.raj.natwest.controller.gameController  : String player : paper
2022-12-18 23:38:47.998  INFO 11668 --- [http-nio-8080-exec-6] com.raj.natwest.service.GameServiceImpl  : getRandomMove() method called...
2022-12-18 23:38:47.999 DEBUG 11668 --- [http-nio-8080-exec-6] com.raj.natwest.service.GameServiceImpl  : playerMove = paper
2022-12-18 23:38:47.999 DEBUG 11668 --- [http-nio-8080-exec-6] com.raj.natwest.service.GameServiceImpl  : computerMove = paper
2022-12-18 23:38:48.000 DEBUG 11668 --- [http-nio-8080-exec-6] com.raj.natwest.service.GameServiceImpl  : result = It is a tie
2022-12-18 23:38:48.000 DEBUG 11668 --- [http-nio-8080-exec-6] c.raj.natwest.controller.gameController  : RestController result : It is a tie
2022-12-18 23:38:48.353 DEBUG 11668 --- [http-nio-8080-exec-1] c.raj.natwest.controller.gameController  : String player : paper
2022-12-18 23:38:48.353  INFO 11668 --- [http-nio-8080-exec-1] com.raj.natwest.service.GameServiceImpl  : getRandomMove() method called...
2022-12-18 23:38:48.353 DEBUG 11668 --- [http-nio-8080-exec-1] com.raj.natwest.service.GameServiceImpl  : playerMove = paper
2022-12-18 23:38:48.353 DEBUG 11668 --- [http-nio-8080-exec-1] com.raj.natwest.service.GameServiceImpl  : computerMove = scissors
2022-12-18 23:38:48.353 DEBUG 11668 --- [http-nio-8080-exec-1] com.raj.natwest.service.GameServiceImpl  : result = Computer wins
2022-12-18 23:38:48.354 DEBUG 11668 --- [http-nio-8080-exec-1] c.raj.natwest.controller.gameController  : RestController result : Computer wins
2022-12-18 23:38:48.693 DEBUG 11668 --- [http-nio-8080-exec-9] c.raj.natwest.controller.gameController  : String player : paper
2022-12-18 23:38:48.693  INFO 11668 --- [http-nio-8080-exec-9] com.raj.natwest.service.GameServiceImpl  : getRandomMove() method called...
2022-12-18 23:38:48.694 DEBUG 11668 --- [http-nio-8080-exec-9] com.raj.natwest.service.GameServiceImpl  : playerMove = paper
2022-12-18 23:38:48.694 DEBUG 11668 --- [http-nio-8080-exec-9] com.raj.natwest.service.GameServiceImpl  : computerMove = rock
2022-12-18 23:38:48.694 DEBUG 11668 --- [http-nio-8080-exec-9] com.raj.natwest.service.GameServiceImpl  : result = Player wins
2022-12-18 23:38:48.694 DEBUG 11668 --- [http-nio-8080-exec-9] c.raj.natwest.controller.gameController  : RestController result : Player wins
2022-12-18 23:38:48.994 DEBUG 11668 --- [http-nio-8080-exec-2] c.raj.natwest.controller.gameController  : String player : paper
2022-12-18 23:38:48.995  INFO 11668 --- [http-nio-8080-exec-2] com.raj.natwest.service.GameServiceImpl  : getRandomMove() method called...
2022-12-18 23:38:48.995 DEBUG 11668 --- [http-nio-8080-exec-2] com.raj.natwest.service.GameServiceImpl  : playerMove = paper
2022-12-18 23:38:48.996 DEBUG 11668 --- [http-nio-8080-exec-2] com.raj.natwest.service.GameServiceImpl  : computerMove = rock
2022-12-18 23:38:48.996 DEBUG 11668 --- [http-nio-8080-exec-2] com.raj.natwest.service.GameServiceImpl  : result = Player wins
2022-12-18 23:38:48.996 DEBUG 11668 --- [http-nio-8080-exec-2] c.raj.natwest.controller.gameController  : RestController result : Player wins
2022-12-18 23:38:49.302 DEBUG 11668 --- [http-nio-8080-exec-7] c.raj.natwest.controller.gameController  : String player : paper
2022-12-18 23:38:49.303  INFO 11668 --- [http-nio-8080-exec-7] com.raj.natwest.service.GameServiceImpl  : getRandomMove() method called...
2022-12-18 23:38:49.303 DEBUG 11668 --- [http-nio-8080-exec-7] com.raj.natwest.service.GameServiceImpl  : playerMove = paper
2022-12-18 23:38:49.304 DEBUG 11668 --- [http-nio-8080-exec-7] com.raj.natwest.service.GameServiceImpl  : computerMove = scissors
2022-12-18 23:38:49.305 DEBUG 11668 --- [http-nio-8080-exec-7] com.raj.natwest.service.GameServiceImpl  : result = Computer wins
2022-12-18 23:38:49.306 DEBUG 11668 --- [http-nio-8080-exec-7] c.raj.natwest.controller.gameController  : RestController result : Computer wins
2022-12-18 23:38:49.624 DEBUG 11668 --- [http-nio-8080-exec-3] c.raj.natwest.controller.gameController  : String player : paper
2022-12-18 23:38:49.624  INFO 11668 --- [http-nio-8080-exec-3] com.raj.natwest.service.GameServiceImpl  : getRandomMove() method called...
2022-12-18 23:38:49.625 DEBUG 11668 --- [http-nio-8080-exec-3] com.raj.natwest.service.GameServiceImpl  : playerMove = paper
2022-12-18 23:38:49.626 DEBUG 11668 --- [http-nio-8080-exec-3] com.raj.natwest.service.GameServiceImpl  : computerMove = scissors
2022-12-18 23:38:49.626 DEBUG 11668 --- [http-nio-8080-exec-3] com.raj.natwest.service.GameServiceImpl  : result = Computer wins
2022-12-18 23:38:49.627 DEBUG 11668 --- [http-nio-8080-exec-3] c.raj.natwest.controller.gameController  : RestController result : Computer wins
2022-12-18 23:38:49.887 DEBUG 11668 --- [http-nio-8080-exec-4] c.raj.natwest.controller.gameController  : String player : paper
2022-12-18 23:38:49.888  INFO 11668 --- [http-nio-8080-exec-4] com.raj.natwest.service.GameServiceImpl  : getRandomMove() method called...
2022-12-18 23:38:49.889 DEBUG 11668 --- [http-nio-8080-exec-4] com.raj.natwest.service.GameServiceImpl  : playerMove = paper
2022-12-18 23:38:49.890 DEBUG 11668 --- [http-nio-8080-exec-4] com.raj.natwest.service.GameServiceImpl  : computerMove = scissors
2022-12-18 23:38:49.890 DEBUG 11668 --- [http-nio-8080-exec-4] com.raj.natwest.service.GameServiceImpl  : result = Computer wins
2022-12-18 23:38:49.890 DEBUG 11668 --- [http-nio-8080-exec-4] c.raj.natwest.controller.gameController  : RestController result : Computer wins
2022-12-18 23:38:50.156 DEBUG 11668 --- [http-nio-8080-exec-10] c.raj.natwest.controller.gameController  : String player : paper
2022-12-18 23:38:50.158  INFO 11668 --- [http-nio-8080-exec-10] com.raj.natwest.service.GameServiceImpl  : getRandomMove() method called...
2022-12-18 23:38:50.158 DEBUG 11668 --- [http-nio-8080-exec-10] com.raj.natwest.service.GameServiceImpl  : playerMove = paper
2022-12-18 23:38:50.158 DEBUG 11668 --- [http-nio-8080-exec-10] com.raj.natwest.service.GameServiceImpl  : computerMove = scissors
2022-12-18 23:38:50.159 DEBUG 11668 --- [http-nio-8080-exec-10] com.raj.natwest.service.GameServiceImpl  : result = Computer wins
2022-12-18 23:38:50.159 DEBUG 11668 --- [http-nio-8080-exec-10] c.raj.natwest.controller.gameController  : RestController result : Computer wins
2022-12-18 23:38:50.417 DEBUG 11668 --- [http-nio-8080-exec-8] c.raj.natwest.controller.gameController  : String player : paper
2022-12-18 23:38:50.418  INFO 11668 --- [http-nio-8080-exec-8] com.raj.natwest.service.GameServiceImpl  : getRandomMove() method called...
2022-12-18 23:38:50.419 DEBUG 11668 --- [http-nio-8080-exec-8] com.raj.natwest.service.GameServiceImpl  : playerMove = paper
2022-12-18 23:38:50.420 DEBUG 11668 --- [http-nio-8080-exec-8] com.raj.natwest.service.GameServiceImpl  : computerMove = rock
2022-12-18 23:38:50.420 DEBUG 11668 --- [http-nio-8080-exec-8] com.raj.natwest.service.GameServiceImpl  : result = Player wins
2022-12-18 23:38:50.421 DEBUG 11668 --- [http-nio-8080-exec-8] c.raj.natwest.controller.gameController  : RestController result : Player wins
2022-12-18 23:38:50.719 DEBUG 11668 --- [http-nio-8080-exec-5] c.raj.natwest.controller.gameController  : String player : paper
2022-12-18 23:38:50.721  INFO 11668 --- [http-nio-8080-exec-5] com.raj.natwest.service.GameServiceImpl  : getRandomMove() method called...
2022-12-18 23:38:50.722 DEBUG 11668 --- [http-nio-8080-exec-5] com.raj.natwest.service.GameServiceImpl  : playerMove = paper
2022-12-18 23:38:50.722 DEBUG 11668 --- [http-nio-8080-exec-5] com.raj.natwest.service.GameServiceImpl  : computerMove = scissors
2022-12-18 23:38:50.722 DEBUG 11668 --- [http-nio-8080-exec-5] com.raj.natwest.service.GameServiceImpl  : result = Computer wins
2022-12-18 23:38:50.723 DEBUG 11668 --- [http-nio-8080-exec-5] c.raj.natwest.controller.gameController  : RestController result : Computer wins
2022-12-18 23:38:51.011 DEBUG 11668 --- [http-nio-8080-exec-6] c.raj.natwest.controller.gameController  : String player : paper
2022-12-18 23:38:51.012  INFO 11668 --- [http-nio-8080-exec-6] com.raj.natwest.service.GameServiceImpl  : getRandomMove() method called...
2022-12-18 23:38:51.012 DEBUG 11668 --- [http-nio-8080-exec-6] com.raj.natwest.service.GameServiceImpl  : playerMove = paper
2022-12-18 23:38:51.013 DEBUG 11668 --- [http-nio-8080-exec-6] com.raj.natwest.service.GameServiceImpl  : computerMove = scissors
2022-12-18 23:38:51.013 DEBUG 11668 --- [http-nio-8080-exec-6] com.raj.natwest.service.GameServiceImpl  : result = Computer wins
2022-12-18 23:38:51.013 DEBUG 11668 --- [http-nio-8080-exec-6] c.raj.natwest.controller.gameController  : RestController result : Computer wins
2022-12-18 23:38:51.296 DEBUG 11668 --- [http-nio-8080-exec-1] c.raj.natwest.controller.gameController  : String player : paper
2022-12-18 23:38:51.297  INFO 11668 --- [http-nio-8080-exec-1] com.raj.natwest.service.GameServiceImpl  : getRandomMove() method called...
2022-12-18 23:38:51.298 DEBUG 11668 --- [http-nio-8080-exec-1] com.raj.natwest.service.GameServiceImpl  : playerMove = paper
2022-12-18 23:38:51.298 DEBUG 11668 --- [http-nio-8080-exec-1] com.raj.natwest.service.GameServiceImpl  : computerMove = rock
2022-12-18 23:38:51.298 DEBUG 11668 --- [http-nio-8080-exec-1] com.raj.natwest.service.GameServiceImpl  : result = Player wins
2022-12-18 23:38:51.298 DEBUG 11668 --- [http-nio-8080-exec-1] c.raj.natwest.controller.gameController  : RestController result : Player wins
2022-12-18 23:38:51.557 DEBUG 11668 --- [http-nio-8080-exec-9] c.raj.natwest.controller.gameController  : String player : paper
2022-12-18 23:38:51.558  INFO 11668 --- [http-nio-8080-exec-9] com.raj.natwest.service.GameServiceImpl  : getRandomMove() method called...
2022-12-18 23:38:51.559 DEBUG 11668 --- [http-nio-8080-exec-9] com.raj.natwest.service.GameServiceImpl  : playerMove = paper
2022-12-18 23:38:51.560 DEBUG 11668 --- [http-nio-8080-exec-9] com.raj.natwest.service.GameServiceImpl  : computerMove = paper
2022-12-18 23:38:51.560 DEBUG 11668 --- [http-nio-8080-exec-9] com.raj.natwest.service.GameServiceImpl  : result = It is a tie
2022-12-18 23:38:51.561 DEBUG 11668 --- [http-nio-8080-exec-9] c.raj.natwest.controller.gameController  : RestController result : It is a tie
2022-12-18 23:38:51.828 DEBUG 11668 --- [http-nio-8080-exec-2] c.raj.natwest.controller.gameController  : String player : paper
2022-12-18 23:38:51.829  INFO 11668 --- [http-nio-8080-exec-2] com.raj.natwest.service.GameServiceImpl  : getRandomMove() method called...
2022-12-18 23:38:51.831 DEBUG 11668 --- [http-nio-8080-exec-2] com.raj.natwest.service.GameServiceImpl  : playerMove = paper
2022-12-18 23:38:51.831 DEBUG 11668 --- [http-nio-8080-exec-2] com.raj.natwest.service.GameServiceImpl  : computerMove = rock
2022-12-18 23:38:51.831 DEBUG 11668 --- [http-nio-8080-exec-2] com.raj.natwest.service.GameServiceImpl  : result = Player wins
2022-12-18 23:38:51.834 DEBUG 11668 --- [http-nio-8080-exec-2] c.raj.natwest.controller.gameController  : RestController result : Player wins
2022-12-18 23:38:53.752 DEBUG 11668 --- [http-nio-8080-exec-7] c.raj.natwest.controller.gameController  : String player : paper
2022-12-18 23:38:53.752  INFO 11668 --- [http-nio-8080-exec-7] com.raj.natwest.service.GameServiceImpl  : getRandomMove() method called...
2022-12-18 23:38:53.752 DEBUG 11668 --- [http-nio-8080-exec-7] com.raj.natwest.service.GameServiceImpl  : playerMove = paper
2022-12-18 23:38:53.752 DEBUG 11668 --- [http-nio-8080-exec-7] com.raj.natwest.service.GameServiceImpl  : computerMove = paper
2022-12-18 23:38:53.752 DEBUG 11668 --- [http-nio-8080-exec-7] com.raj.natwest.service.GameServiceImpl  : result = It is a tie
2022-12-18 23:38:53.752 DEBUG 11668 --- [http-nio-8080-exec-7] c.raj.natwest.controller.gameController  : RestController result : It is a tie
2022-12-18 23:38:54.898 DEBUG 11668 --- [http-nio-8080-exec-3] c.raj.natwest.controller.gameController  : String player : paper
2022-12-18 23:38:54.900  INFO 11668 --- [http-nio-8080-exec-3] com.raj.natwest.service.GameServiceImpl  : getRandomMove() method called...
2022-12-18 23:38:54.900 DEBUG 11668 --- [http-nio-8080-exec-3] com.raj.natwest.service.GameServiceImpl  : playerMove = paper
2022-12-18 23:38:54.900 DEBUG 11668 --- [http-nio-8080-exec-3] com.raj.natwest.service.GameServiceImpl  : computerMove = paper
2022-12-18 23:38:54.900 DEBUG 11668 --- [http-nio-8080-exec-3] com.raj.natwest.service.GameServiceImpl  : result = It is a tie
2022-12-18 23:38:54.900 DEBUG 11668 --- [http-nio-8080-exec-3] c.raj.natwest.controller.gameController  : RestController result : It is a tie
2022-12-18 23:38:55.424 DEBUG 11668 --- [http-nio-8080-exec-4] c.raj.natwest.controller.gameController  : String player : paper
2022-12-18 23:38:55.425  INFO 11668 --- [http-nio-8080-exec-4] com.raj.natwest.service.GameServiceImpl  : getRandomMove() method called...
2022-12-18 23:38:55.426 DEBUG 11668 --- [http-nio-8080-exec-4] com.raj.natwest.service.GameServiceImpl  : playerMove = paper
2022-12-18 23:38:55.427 DEBUG 11668 --- [http-nio-8080-exec-4] com.raj.natwest.service.GameServiceImpl  : computerMove = paper
2022-12-18 23:38:55.427 DEBUG 11668 --- [http-nio-8080-exec-4] com.raj.natwest.service.GameServiceImpl  : result = It is a tie
2022-12-18 23:38:55.427 DEBUG 11668 --- [http-nio-8080-exec-4] c.raj.natwest.controller.gameController  : RestController result : It is a tie
2022-12-18 23:38:55.792 DEBUG 11668 --- [http-nio-8080-exec-10] c.raj.natwest.controller.gameController  : String player : paper
2022-12-18 23:38:55.793  INFO 11668 --- [http-nio-8080-exec-10] com.raj.natwest.service.GameServiceImpl  : getRandomMove() method called...
2022-12-18 23:38:55.793 DEBUG 11668 --- [http-nio-8080-exec-10] com.raj.natwest.service.GameServiceImpl  : playerMove = paper
2022-12-18 23:38:55.794 DEBUG 11668 --- [http-nio-8080-exec-10] com.raj.natwest.service.GameServiceImpl  : computerMove = scissors
2022-12-18 23:38:55.794 DEBUG 11668 --- [http-nio-8080-exec-10] com.raj.natwest.service.GameServiceImpl  : result = Computer wins
2022-12-18 23:38:55.794 DEBUG 11668 --- [http-nio-8080-exec-10] c.raj.natwest.controller.gameController  : RestController result : Computer wins
2022-12-18 23:38:56.168 DEBUG 11668 --- [http-nio-8080-exec-8] c.raj.natwest.controller.gameController  : String player : paper
2022-12-18 23:38:56.168  INFO 11668 --- [http-nio-8080-exec-8] com.raj.natwest.service.GameServiceImpl  : getRandomMove() method called...
2022-12-18 23:38:56.168 DEBUG 11668 --- [http-nio-8080-exec-8] com.raj.natwest.service.GameServiceImpl  : playerMove = paper
2022-12-18 23:38:56.168 DEBUG 11668 --- [http-nio-8080-exec-8] com.raj.natwest.service.GameServiceImpl  : computerMove = scissors
2022-12-18 23:38:56.168 DEBUG 11668 --- [http-nio-8080-exec-8] com.raj.natwest.service.GameServiceImpl  : result = Computer wins
2022-12-18 23:38:56.168 DEBUG 11668 --- [http-nio-8080-exec-8] c.raj.natwest.controller.gameController  : RestController result : Computer wins
2022-12-18 23:38:56.556 DEBUG 11668 --- [http-nio-8080-exec-5] c.raj.natwest.controller.gameController  : String player : paper
2022-12-18 23:38:56.557  INFO 11668 --- [http-nio-8080-exec-5] com.raj.natwest.service.GameServiceImpl  : getRandomMove() method called...
2022-12-18 23:38:56.558 DEBUG 11668 --- [http-nio-8080-exec-5] com.raj.natwest.service.GameServiceImpl  : playerMove = paper
2022-12-18 23:38:56.558 DEBUG 11668 --- [http-nio-8080-exec-5] com.raj.natwest.service.GameServiceImpl  : computerMove = scissors
2022-12-18 23:38:56.558 DEBUG 11668 --- [http-nio-8080-exec-5] com.raj.natwest.service.GameServiceImpl  : result = Computer wins
2022-12-18 23:38:56.558 DEBUG 11668 --- [http-nio-8080-exec-5] c.raj.natwest.controller.gameController  : RestController result : Computer wins
2022-12-18 23:38:57.102 DEBUG 11668 --- [http-nio-8080-exec-6] c.raj.natwest.controller.gameController  : String player : paper
2022-12-18 23:38:57.102  INFO 11668 --- [http-nio-8080-exec-6] com.raj.natwest.service.GameServiceImpl  : getRandomMove() method called...
2022-12-18 23:38:57.102 DEBUG 11668 --- [http-nio-8080-exec-6] com.raj.natwest.service.GameServiceImpl  : playerMove = paper
2022-12-18 23:38:57.103 DEBUG 11668 --- [http-nio-8080-exec-6] com.raj.natwest.service.GameServiceImpl  : computerMove = scissors
2022-12-18 23:38:57.103 DEBUG 11668 --- [http-nio-8080-exec-6] com.raj.natwest.service.GameServiceImpl  : result = Computer wins
2022-12-18 23:38:57.103 DEBUG 11668 --- [http-nio-8080-exec-6] c.raj.natwest.controller.gameController  : RestController result : Computer wins
2022-12-18 23:38:57.700 DEBUG 11668 --- [http-nio-8080-exec-1] c.raj.natwest.controller.gameController  : String player : paper
2022-12-18 23:38:57.700  INFO 11668 --- [http-nio-8080-exec-1] com.raj.natwest.service.GameServiceImpl  : getRandomMove() method called...
2022-12-18 23:38:57.701 DEBUG 11668 --- [http-nio-8080-exec-1] com.raj.natwest.service.GameServiceImpl  : playerMove = paper
2022-12-18 23:38:57.701 DEBUG 11668 --- [http-nio-8080-exec-1] com.raj.natwest.service.GameServiceImpl  : computerMove = scissors
2022-12-18 23:38:57.701 DEBUG 11668 --- [http-nio-8080-exec-1] com.raj.natwest.service.GameServiceImpl  : result = Computer wins
2022-12-18 23:38:57.702 DEBUG 11668 --- [http-nio-8080-exec-1] c.raj.natwest.controller.gameController  : RestController result : Computer wins
2022-12-18 23:38:58.161 DEBUG 11668 --- [http-nio-8080-exec-9] c.raj.natwest.controller.gameController  : String player : paper
2022-12-18 23:38:58.162  INFO 11668 --- [http-nio-8080-exec-9] com.raj.natwest.service.GameServiceImpl  : getRandomMove() method called...
2022-12-18 23:38:58.162 DEBUG 11668 --- [http-nio-8080-exec-9] com.raj.natwest.service.GameServiceImpl  : playerMove = paper
2022-12-18 23:38:58.162 DEBUG 11668 --- [http-nio-8080-exec-9] com.raj.natwest.service.GameServiceImpl  : computerMove = rock
2022-12-18 23:38:58.163 DEBUG 11668 --- [http-nio-8080-exec-9] com.raj.natwest.service.GameServiceImpl  : result = Player wins
2022-12-18 23:38:58.163 DEBUG 11668 --- [http-nio-8080-exec-9] c.raj.natwest.controller.gameController  : RestController result : Player wins
